# JRE version: OpenJDK Runtime Environment (11.0.8+10) (build 11.0.8+10-b944.6842174)
# Java VM: OpenJDK 64-Bit Server VM (11.0.8+10-b944.6842174, mixed mode, tiered, compressed oops, g1 gc, windows-amd64)
Heap:
 garbage-first heap   total 124928K, used 27710K [0x0000000080000000, 0x0000000100000000)
  region size 1024K, 16 young (16384K), 4 survivors (4096K)
 Metaspace       used 22235K, capacity 22752K, committed 23088K, reserved 1069056K
  class space    used 2736K, capacity 2911K, committed 2944K, reserved 1048576K
GC Heap History (10 events):
Event: 1.569 GC heap before
{Heap before GC invocations=0 (full 0):
 garbage-first heap   total 124928K, used 19456K [0x0000000080000000, 0x0000000100000000)
  region size 1024K, 14 young (14336K), 0 survivors (0K)
 Metaspace       used 7679K, capacity 7889K, committed 8064K, reserved 1056768K
  class space    used 723K, capacity 781K, committed 896K, reserved 1048576K
}
Event: 1.585 GC heap after
{Heap after GC invocations=1 (full 0):
 garbage-first heap   total 124928K, used 8208K [0x0000000080000000, 0x0000000100000000)
  region size 1024K, 2 young (2048K), 2 survivors (2048K)
 Metaspace       used 7679K, capacity 7889K, committed 8064K, reserved 1056768K
  class space    used 723K, capacity 781K, committed 896K, reserved 1048576K
}
Event: 2.425 GC heap before
{Heap before GC invocations=1 (full 0):
 garbage-first heap   total 124928K, used 19472K [0x0000000080000000, 0x0000000100000000)
  region size 1024K, 13 young (13312K), 2 survivors (2048K)
 Metaspace       used 10406K, capacity 10625K, committed 10752K, reserved 1058816K
  class space    used 1096K, capacity 1163K, committed 1280K, reserved 1048576K
}
Event: 2.431 GC heap after
{Heap after GC invocations=2 (full 0):
 garbage-first heap   total 124928K, used 8869K [0x0000000080000000, 0x0000000100000000)
  region size 1024K, 1 young (1024K), 1 survivors (1024K)
 Metaspace       used 10406K, capacity 10625K, committed 10752K, reserved 1058816K
  class space    used 1096K, capacity 1163K, committed 1280K, reserved 1048576K
}
Event: 3.788 GC heap before
{Heap before GC invocations=2 (full 0):
 garbage-first heap   total 124928K, used 35493K [0x0000000080000000, 0x0000000100000000)
  region size 1024K, 28 young (28672K), 1 survivors (1024K)
 Metaspace       used 10629K, capacity 10914K, committed 11008K, reserved 1058816K
  class space    used 1105K, capacity 1195K, committed 1280K, reserved 1048576K
}
Event: 3.797 GC heap after
{Heap after GC invocations=3 (full 0):
 garbage-first heap   total 124928K, used 12923K [0x0000000080000000, 0x0000000100000000)
  region size 1024K, 4 young (4096K), 4 survivors (4096K)
 Metaspace       used 10629K, capacity 10914K, committed 11008K, reserved 1058816K
  class space    used 1105K, capacity 1195K, committed 1280K, reserved 1048576K
}
Event: 6.991 GC heap before
{Heap before GC invocations=3 (full 0):
 garbage-first heap   total 124928K, used 52859K [0x0000000080000000, 0x0000000100000000)
  region size 1024K, 43 young (44032K), 4 survivors (4096K)
 Metaspace       used 18587K, capacity 19067K, committed 19328K, reserved 1067008K
  class space    used 2240K, capacity 2402K, committed 2432K, reserved 1048576K
}
Event: 7.001 GC heap after
{Heap after GC invocations=4 (full 0):
 garbage-first heap   total 124928K, used 15890K [0x0000000080000000, 0x0000000100000000)
  region size 1024K, 3 young (3072K), 3 survivors (3072K)
 Metaspace       used 18587K, capacity 19067K, committed 19328K, reserved 1067008K
  class space    used 2240K, capacity 2402K, committed 2432K, reserved 1048576K
}
Event: 7.340 GC heap before
{Heap before GC invocations=4 (full 0):
 garbage-first heap   total 124928K, used 30226K [0x0000000080000000, 0x0000000100000000)
  region size 1024K, 19 young (19456K), 3 survivors (3072K)
 Metaspace       used 20808K, capacity 21209K, committed 21296K, reserved 1069056K
  class space    used 2504K, capacity 2669K, committed 2688K, reserved 1048576K
}
Event: 7.349 GC heap after
{Heap after GC invocations=5 (full 0):
 garbage-first heap   total 124928K, used 16446K [0x0000000080000000, 0x0000000100000000)
  region size 1024K, 4 young (4096K), 4 survivors (4096K)
 Metaspace       used 20808K, capacity 21209K, committed 21296K, reserved 1069056K
  class space    used 2504K, capacity 2669K, committed 2688K, reserved 1048576K
}

