# JRE version: OpenJDK Runtime Environment (8.0_242-b01) (build 1.8.0_242-release-1644-b01)
# Java VM: OpenJDK 64-Bit Server VM (25.242-b01 mixed mode windows-amd64 compressed oops)
Heap:
 PSYoungGen      total 342016K, used 322842K [0x00000000d5580000, 0x00000000ec400000, 0x0000000100000000)
  eden space 309760K, 98% used [0x00000000d5580000,0x00000000e7e52418,0x00000000e8400000)
  from space 32256K, 58% used [0x00000000e8400000,0x00000000e9674400,0x00000000ea380000)
  to   space 27136K, 0% used [0x00000000ea380000,0x00000000ea380000,0x00000000ebe00000)
 ParOldGen       total 132096K, used 60925K [0x0000000080000000, 0x0000000088100000, 0x00000000d5580000)
  object space 132096K, 46% used [0x0000000080000000,0x0000000083b7f7d8,0x0000000088100000)
 Metaspace       used 84682K, capacity 88234K, committed 88496K, reserved 1126400K
  class space    used 11155K, capacity 11882K, committed 11952K, reserved 1048576K
GC Heap History (10 events):
Event: 16.370 GC heap before
{Heap before GC invocations=12 (full 2):
 PSYoungGen      total 217088K, used 123329K [0x00000000d5580000, 0x00000000e7b00000, 0x0000000100000000)
  eden space 203264K, 53% used [0x00000000d5580000,0x00000000dc0711c0,0x00000000e1c00000)
  from space 13824K, 99% used [0x00000000e1c00000,0x00000000e297f320,0x00000000e2980000)
  to   space 19456K, 0% used [0x00000000e6800000,0x00000000e6800000,0x00000000e7b00000)
 ParOldGen       total 84480K, used 25445K [0x0000000080000000, 0x0000000085280000, 0x00000000d5580000)
  object space 84480K, 30% used [0x0000000080000000,0x00000000818d9610,0x0000000085280000)
 Metaspace       used 57070K, capacity 59116K, committed 59160K, reserved 1099776K
  class space    used 7833K, capacity 8343K, committed 8368K, reserved 1048576K
Event: 16.419 GC heap after
Heap after GC invocations=12 (full 2):
 PSYoungGen      total 275968K, used 19436K [0x00000000d5580000, 0x00000000e8280000, 0x0000000100000000)
  eden space 256512K, 0% used [0x00000000d5580000,0x00000000d5580000,0x00000000e5000000)
  from space 19456K, 99% used [0x00000000e6800000,0x00000000e7afb320,0x00000000e7b00000)
  to   space 24576K, 0% used [0x00000000e5000000,0x00000000e5000000,0x00000000e6800000)
 ParOldGen       total 84480K, used 30927K [0x0000000080000000, 0x0000000085280000, 0x00000000d5580000)
  object space 84480K, 36% used [0x0000000080000000,0x0000000081e33fb8,0x0000000085280000)
 Metaspace       used 57070K, capacity 59116K, committed 59160K, reserved 1099776K
  class space    used 7833K, capacity 8343K, committed 8368K, reserved 1048576K
}
Event: 16.419 GC heap before
{Heap before GC invocations=13 (full 3):
 PSYoungGen      total 275968K, used 19436K [0x00000000d5580000, 0x00000000e8280000, 0x0000000100000000)
  eden space 256512K, 0% used [0x00000000d5580000,0x00000000d5580000,0x00000000e5000000)
  from space 19456K, 99% used [0x00000000e6800000,0x00000000e7afb320,0x00000000e7b00000)
  to   space 24576K, 0% used [0x00000000e5000000,0x00000000e5000000,0x00000000e6800000)
 ParOldGen       total 84480K, used 30927K [0x0000000080000000, 0x0000000085280000, 0x00000000d5580000)
  object space 84480K, 36% used [0x0000000080000000,0x0000000081e33fb8,0x0000000085280000)
 Metaspace       used 57070K, capacity 59116K, committed 59160K, reserved 1099776K
  class space    used 7833K, capacity 8343K, committed 8368K, reserved 1048576K
Event: 16.756 GC heap after
Heap after GC invocations=13 (full 3):
 PSYoungGen      total 275968K, used 0K [0x00000000d5580000, 0x00000000e8280000, 0x0000000100000000)
  eden space 256512K, 0% used [0x00000000d5580000,0x00000000d5580000,0x00000000e5000000)
  from space 19456K, 0% used [0x00000000e6800000,0x00000000e6800000,0x00000000e7b00000)
  to   space 24576K, 0% used [0x00000000e5000000,0x00000000e5000000,0x00000000e6800000)
 ParOldGen       total 132096K, used 36919K [0x0000000080000000, 0x0000000088100000, 0x00000000d5580000)
  object space 132096K, 27% used [0x0000000080000000,0x000000008240dcd0,0x0000000088100000)
 Metaspace       used 57059K, capacity 59080K, committed 59160K, reserved 1099776K
  class space    used 7830K, capacity 8337K, committed 8368K, reserved 1048576K
}
Event: 23.769 GC heap before
{Heap before GC invocations=14 (full 3):
 PSYoungGen      total 275968K, used 255107K [0x00000000d5580000, 0x00000000e8280000, 0x0000000100000000)
  eden space 256512K, 99% used [0x00000000d5580000,0x00000000e4ea0d50,0x00000000e5000000)
  from space 19456K, 0% used [0x00000000e6800000,0x00000000e6800000,0x00000000e7b00000)
  to   space 24576K, 0% used [0x00000000e5000000,0x00000000e5000000,0x00000000e6800000)
 ParOldGen       total 132096K, used 36919K [0x0000000080000000, 0x0000000088100000, 0x00000000d5580000)
  object space 132096K, 27% used [0x0000000080000000,0x000000008240dcd0,0x0000000088100000)
 Metaspace       used 62659K, capacity 65368K, committed 65584K, reserved 1105920K
  class space    used 8572K, capacity 9161K, committed 9264K, reserved 1048576K
Event: 23.851 GC heap after
Heap after GC invocations=14 (full 3):
 PSYoungGen      total 281088K, used 21859K [0x00000000d5580000, 0x00000000ebe00000, 0x0000000100000000)
  eden space 256512K, 0% used [0x00000000d5580000,0x00000000d5580000,0x00000000e5000000)
  from space 24576K, 88% used [0x00000000e5000000,0x00000000e6558cd0,0x00000000e6800000)
  to   space 27136K, 0% used [0x00000000ea380000,0x00000000ea380000,0x00000000ebe00000)
 ParOldGen       total 132096K, used 36927K [0x0000000080000000, 0x0000000088100000, 0x00000000d5580000)
  object space 132096K, 27% used [0x0000000080000000,0x000000008240fcd0,0x0000000088100000)
 Metaspace       used 62659K, capacity 65368K, committed 65584K, reserved 1105920K
  class space    used 8572K, capacity 9161K, committed 9264K, reserved 1048576K
}
Event: 31.286 GC heap before
{Heap before GC invocations=15 (full 3):
 PSYoungGen      total 281088K, used 278371K [0x00000000d5580000, 0x00000000ebe00000, 0x0000000100000000)
  eden space 256512K, 100% used [0x00000000d5580000,0x00000000e5000000,0x00000000e5000000)
  from space 24576K, 88% used [0x00000000e5000000,0x00000000e6558cd0,0x00000000e6800000)
  to   space 27136K, 0% used [0x00000000ea380000,0x00000000ea380000,0x00000000ebe00000)
 ParOldGen       total 132096K, used 36927K [0x0000000080000000, 0x0000000088100000, 0x00000000d5580000)
  object space 132096K, 27% used [0x0000000080000000,0x000000008240fcd0,0x0000000088100000)
 Metaspace       used 68376K, capacity 71278K, committed 71472K, reserved 1110016K
  class space    used 9319K, capacity 9952K, committed 10032K, reserved 1048576K
Event: 31.370 GC heap after
Heap after GC invocations=15 (full 3):
 PSYoungGen      total 336896K, used 27129K [0x00000000d5580000, 0x00000000ec400000, 0x0000000100000000)
  eden space 309760K, 0% used [0x00000000d5580000,0x00000000d5580000,0x00000000e8400000)
  from space 27136K, 99% used [0x00000000ea380000,0x00000000ebdfe6b0,0x00000000ebe00000)
  to   space 32256K, 0% used [0x00000000e8400000,0x00000000e8400000,0x00000000ea380000)
 ParOldGen       total 132096K, used 38759K [0x0000000080000000, 0x0000000088100000, 0x00000000d5580000)
  object space 132096K, 29% used [0x0000000080000000,0x00000000825d9fe0,0x0000000088100000)
 Metaspace       used 68376K, capacity 71278K, committed 71472K, reserved 1110016K
  class space    used 9319K, capacity 9952K, committed 10032K, reserved 1048576K
}
Event: 237.972 GC heap before
{Heap before GC invocations=16 (full 3):
 PSYoungGen      total 336896K, used 336889K [0x00000000d5580000, 0x00000000ec400000, 0x0000000100000000)
  eden space 309760K, 100% used [0x00000000d5580000,0x00000000e8400000,0x00000000e8400000)
  from space 27136K, 99% used [0x00000000ea380000,0x00000000ebdfe6b0,0x00000000ebe00000)
  to   space 32256K, 0% used [0x00000000e8400000,0x00000000e8400000,0x00000000ea380000)
 ParOldGen       total 132096K, used 38759K [0x0000000080000000, 0x0000000088100000, 0x00000000d5580000)
  object space 132096K, 29% used [0x0000000080000000,0x00000000825d9fe0,0x0000000088100000)
 Metaspace       used 78948K, capacity 82438K, committed 82736K, reserved 1120256K
  class space    used 10481K, capacity 11250K, committed 11312K, reserved 1048576K
Event: 238.209 GC heap after
Heap after GC invocations=16 (full 3):
 PSYoungGen      total 342016K, used 18897K [0x00000000d5580000, 0x00000000ec400000, 0x0000000100000000)
  eden space 309760K, 0% used [0x00000000d5580000,0x00000000d5580000,0x00000000e8400000)
  from space 32256K, 58% used [0x00000000e8400000,0x00000000e9674400,0x00000000ea380000)
  to   space 27136K, 0% used [0x00000000ea380000,0x00000000ea380000,0x00000000ebe00000)
 ParOldGen       total 132096K, used 60925K [0x0000000080000000, 0x0000000088100000, 0x00000000d5580000)
  object space 132096K, 46% used [0x0000000080000000,0x0000000083b7f7d8,0x0000000088100000)
 Metaspace       used 78948K, capacity 82438K, committed 82736K, reserved 1120256K
  class space    used 10481K, capacity 11250K, committed 11312K, reserved 1048576K
}

