# JRE version: OpenJDK Runtime Environment (11.0.8+10) (build 11.0.8+10-b944.6842174)
# Java VM: OpenJDK 64-Bit Server VM (11.0.8+10-b944.6842174, mixed mode, tiered, compressed oops, g1 gc, windows-amd64)
Heap:
 garbage-first heap   total 124928K, used 86994K [0x0000000080000000, 0x0000000100000000)
  region size 1024K, 54 young (55296K), 6 survivors (6144K)
 Metaspace       used 38755K, capacity 39634K, committed 39728K, reserved 1083392K
  class space    used 4861K, capacity 5182K, committed 5248K, reserved 1048576K
GC Heap History (20 events):
Event: 2.849 GC heap before
{Heap before GC invocations=1 (full 0):
 garbage-first heap   total 124928K, used 19472K [0x0000000080000000, 0x0000000100000000)
  region size 1024K, 13 young (13312K), 2 survivors (2048K)
 Metaspace       used 10437K, capacity 10630K, committed 10752K, reserved 1058816K
  class space    used 1095K, capacity 1163K, committed 1280K, reserved 1048576K
}
Event: 2.855 GC heap after
{Heap after GC invocations=2 (full 0):
 garbage-first heap   total 124928K, used 8868K [0x0000000080000000, 0x0000000100000000)
  region size 1024K, 1 young (1024K), 1 survivors (1024K)
 Metaspace       used 10437K, capacity 10630K, committed 10752K, reserved 1058816K
  class space    used 1095K, capacity 1163K, committed 1280K, reserved 1048576K
}
Event: 4.073 GC heap before
{Heap before GC invocations=2 (full 0):
 garbage-first heap   total 124928K, used 36516K [0x0000000080000000, 0x0000000100000000)
  region size 1024K, 29 young (29696K), 1 survivors (1024K)
 Metaspace       used 10682K, capacity 11006K, committed 11264K, reserved 1058816K
  class space    used 1116K, capacity 1203K, committed 1280K, reserved 1048576K
}
Event: 4.080 GC heap after
{Heap after GC invocations=3 (full 0):
 garbage-first heap   total 124928K, used 12946K [0x0000000080000000, 0x0000000100000000)
  region size 1024K, 4 young (4096K), 4 survivors (4096K)
 Metaspace       used 10682K, capacity 11006K, committed 11264K, reserved 1058816K
  class space    used 1116K, capacity 1203K, committed 1280K, reserved 1048576K
}
Event: 9.404 GC heap before
{Heap before GC invocations=3 (full 0):
 garbage-first heap   total 124928K, used 53906K [0x0000000080000000, 0x0000000100000000)
  region size 1024K, 44 young (45056K), 4 survivors (4096K)
 Metaspace       used 19064K, capacity 19504K, committed 19712K, reserved 1067008K
  class space    used 2298K, capacity 2441K, committed 2560K, reserved 1048576K
}
Event: 9.414 GC heap after
{Heap after GC invocations=4 (full 0):
 garbage-first heap   total 124928K, used 16088K [0x0000000080000000, 0x0000000100000000)
  region size 1024K, 3 young (3072K), 3 survivors (3072K)
 Metaspace       used 19064K, capacity 19504K, committed 19712K, reserved 1067008K
  class space    used 2298K, capacity 2441K, committed 2560K, reserved 1048576K
}
Event: 9.622 GC heap before
{Heap before GC invocations=4 (full 0):
 garbage-first heap   total 124928K, used 25304K [0x0000000080000000, 0x0000000100000000)
  region size 1024K, 14 young (14336K), 3 survivors (3072K)
 Metaspace       used 20738K, capacity 21179K, committed 21296K, reserved 1069056K
  class space    used 2480K, capacity 2636K, committed 2688K, reserved 1048576K
}
Event: 9.634 GC heap after
{Heap after GC invocations=5 (full 0):
 garbage-first heap   total 124928K, used 16458K [0x0000000080000000, 0x0000000100000000)
  region size 1024K, 4 young (4096K), 4 survivors (4096K)
 Metaspace       used 20738K, capacity 21179K, committed 21296K, reserved 1069056K
  class space    used 2480K, capacity 2636K, committed 2688K, reserved 1048576K
}
Event: 24.152 GC heap before
{Heap before GC invocations=6 (full 0):
 garbage-first heap   total 124928K, used 76874K [0x0000000080000000, 0x0000000100000000)
  region size 1024K, 54 young (55296K), 4 survivors (4096K)
 Metaspace       used 26733K, capacity 27490K, committed 27696K, reserved 1073152K
  class space    used 3411K, capacity 3677K, committed 3712K, reserved 1048576K
}
Event: 24.163 GC heap after
{Heap after GC invocations=7 (full 0):
 garbage-first heap   total 124928K, used 29599K [0x0000000080000000, 0x0000000100000000)
  region size 1024K, 7 young (7168K), 7 survivors (7168K)
 Metaspace       used 26733K, capacity 27490K, committed 27696K, reserved 1073152K
  class space    used 3411K, capacity 3677K, committed 3712K, reserved 1048576K
}
Event: 29.734 GC heap before
{Heap before GC invocations=7 (full 0):
 garbage-first heap   total 124928K, used 79775K [0x0000000080000000, 0x0000000100000000)
  region size 1024K, 55 young (56320K), 7 survivors (7168K)
 Metaspace       used 35039K, capacity 35824K, committed 35888K, reserved 1081344K
  class space    used 4415K, capacity 4686K, committed 4736K, reserved 1048576K
}
Event: 29.758 GC heap after
{Heap after GC invocations=8 (full 0):
 garbage-first heap   total 124928K, used 35775K [0x0000000080000000, 0x0000000100000000)
  region size 1024K, 4 young (4096K), 4 survivors (4096K)
 Metaspace       used 35039K, capacity 35824K, committed 35888K, reserved 1081344K
  class space    used 4415K, capacity 4686K, committed 4736K, reserved 1048576K
}
Event: 32.429 GC heap before
{Heap before GC invocations=9 (full 0):
 garbage-first heap   total 124928K, used 89023K [0x0000000080000000, 0x0000000100000000)
  region size 1024K, 56 young (57344K), 4 survivors (4096K)
 Metaspace       used 38552K, capacity 39378K, committed 39728K, reserved 1083392K
  class space    used 4839K, capacity 5144K, committed 5248K, reserved 1048576K
}
Event: 32.443 GC heap after
{Heap after GC invocations=10 (full 0):
 garbage-first heap   total 124928K, used 34734K [0x0000000080000000, 0x0000000100000000)
  region size 1024K, 5 young (5120K), 5 survivors (5120K)
 Metaspace       used 38552K, capacity 39378K, committed 39728K, reserved 1083392K
  class space    used 4839K, capacity 5144K, committed 5248K, reserved 1048576K
}
Event: 33.225 GC heap before
{Heap before GC invocations=11 (full 0):
 garbage-first heap   total 124928K, used 92078K [0x0000000080000000, 0x0000000100000000)
  region size 1024K, 61 young (62464K), 5 survivors (5120K)
 Metaspace       used 38554K, capacity 39378K, committed 39728K, reserved 1083392K
  class space    used 4839K, capacity 5144K, committed 5248K, reserved 1048576K
}
Event: 33.237 GC heap after
{Heap after GC invocations=12 (full 0):
 garbage-first heap   total 124928K, used 35910K [0x0000000080000000, 0x0000000100000000)
  region size 1024K, 3 young (3072K), 3 survivors (3072K)
 Metaspace       used 38554K, capacity 39378K, committed 39728K, reserved 1083392K
  class space    used 4839K, capacity 5144K, committed 5248K, reserved 1048576K
}
Event: 33.801 GC heap before
{Heap before GC invocations=12 (full 0):
 garbage-first heap   total 124928K, used 93254K [0x0000000080000000, 0x0000000100000000)
  region size 1024K, 59 young (60416K), 3 survivors (3072K)
 Metaspace       used 38554K, capacity 39378K, committed 39728K, reserved 1083392K
  class space    used 4839K, capacity 5144K, committed 5248K, reserved 1048576K
}
Event: 33.807 GC heap after
{Heap after GC invocations=13 (full 0):
 garbage-first heap   total 124928K, used 37245K [0x0000000080000000, 0x0000000100000000)
  region size 1024K, 5 young (5120K), 5 survivors (5120K)
 Metaspace       used 38554K, capacity 39378K, committed 39728K, reserved 1083392K
  class space    used 4839K, capacity 5144K, committed 5248K, reserved 1048576K
}
Event: 35.032 GC heap before
{Heap before GC invocations=13 (full 0):
 garbage-first heap   total 124928K, used 95613K [0x0000000080000000, 0x0000000100000000)
  region size 1024K, 62 young (63488K), 5 survivors (5120K)
 Metaspace       used 38576K, capacity 39442K, committed 39728K, reserved 1083392K
  class space    used 4843K, capacity 5144K, committed 5248K, reserved 1048576K
}
Event: 35.041 GC heap after
{Heap after GC invocations=14 (full 0):
 garbage-first heap   total 124928K, used 38866K [0x0000000080000000, 0x0000000100000000)
  region size 1024K, 6 young (6144K), 6 survivors (6144K)
 Metaspace       used 38576K, capacity 39442K, committed 39728K, reserved 1083392K
  class space    used 4843K, capacity 5144K, committed 5248K, reserved 1048576K
}

