# JRE version: OpenJDK Runtime Environment (11.0.8+10) (build 11.0.8+10-b944.6842174)
# Java VM: OpenJDK 64-Bit Server VM (11.0.8+10-b944.6842174, mixed mode, tiered, compressed oops, g1 gc, windows-amd64)
Heap:
 garbage-first heap   total 124928K, used 58536K [0x0000000080000000, 0x0000000100000000)
  region size 1024K, 23 young (23552K), 5 survivors (5120K)
 Metaspace       used 41898K, capacity 42799K, committed 42984K, reserved 1087488K
  class space    used 5175K, capacity 5490K, committed 5504K, reserved 1048576K
GC Heap History (20 events):
Event: 9.700 GC heap before
{Heap before GC invocations=4 (full 0):
 garbage-first heap   total 124928K, used 28096K [0x0000000080000000, 0x0000000100000000)
  region size 1024K, 17 young (17408K), 3 survivors (3072K)
 Metaspace       used 20739K, capacity 21175K, committed 21296K, reserved 1069056K
  class space    used 2479K, capacity 2636K, committed 2688K, reserved 1048576K
}
Event: 9.712 GC heap after
{Heap after GC invocations=5 (full 0):
 garbage-first heap   total 124928K, used 16353K [0x0000000080000000, 0x0000000100000000)
  region size 1024K, 4 young (4096K), 4 survivors (4096K)
 Metaspace       used 20739K, capacity 21175K, committed 21296K, reserved 1069056K
  class space    used 2479K, capacity 2636K, committed 2688K, reserved 1048576K
}
Event: 23.882 GC heap before
{Heap before GC invocations=6 (full 0):
 garbage-first heap   total 124928K, used 70625K [0x0000000080000000, 0x0000000100000000)
  region size 1024K, 48 young (49152K), 4 survivors (4096K)
 Metaspace       used 26064K, capacity 26788K, committed 27056K, reserved 1073152K
  class space    used 3311K, capacity 3550K, committed 3584K, reserved 1048576K
}
Event: 23.893 GC heap after
{Heap after GC invocations=7 (full 0):
 garbage-first heap   total 124928K, used 30242K [0x0000000080000000, 0x0000000100000000)
  region size 1024K, 6 young (6144K), 6 survivors (6144K)
 Metaspace       used 26064K, capacity 26788K, committed 27056K, reserved 1073152K
  class space    used 3311K, capacity 3550K, committed 3584K, reserved 1048576K
}
Event: 27.163 GC heap before
{Heap before GC invocations=7 (full 0):
 garbage-first heap   total 124928K, used 77346K [0x0000000080000000, 0x0000000100000000)
  region size 1024K, 53 young (54272K), 6 survivors (6144K)
 Metaspace       used 32504K, capacity 33171K, committed 33328K, reserved 1079296K
  class space    used 4162K, capacity 4396K, committed 4480K, reserved 1048576K
}
Event: 27.172 GC heap after
{Heap after GC invocations=8 (full 0):
 garbage-first heap   total 124928K, used 31592K [0x0000000080000000, 0x0000000100000000)
  region size 1024K, 2 young (2048K), 2 survivors (2048K)
 Metaspace       used 32504K, capacity 33171K, committed 33328K, reserved 1079296K
  class space    used 4162K, capacity 4396K, committed 4480K, reserved 1048576K
}
Event: 27.559 GC heap before
{Heap before GC invocations=8 (full 0):
 garbage-first heap   total 124928K, used 41832K [0x0000000080000000, 0x0000000100000000)
  region size 1024K, 14 young (14336K), 2 survivors (2048K)
 Metaspace       used 35040K, capacity 35723K, committed 35888K, reserved 1081344K
  class space    used 4384K, capacity 4627K, committed 4736K, reserved 1048576K
}
Event: 27.565 GC heap after
{Heap after GC invocations=9 (full 0):
 garbage-first heap   total 124928K, used 32616K [0x0000000080000000, 0x0000000100000000)
  region size 1024K, 3 young (3072K), 3 survivors (3072K)
 Metaspace       used 35040K, capacity 35723K, committed 35888K, reserved 1081344K
  class space    used 4384K, capacity 4627K, committed 4736K, reserved 1048576K
}
Event: 32.605 GC heap before
{Heap before GC invocations=10 (full 0):
 garbage-first heap   total 124928K, used 77672K [0x0000000080000000, 0x0000000100000000)
  region size 1024K, 45 young (46080K), 3 survivors (3072K)
 Metaspace       used 41356K, capacity 42267K, committed 42472K, reserved 1087488K
  class space    used 5127K, capacity 5443K, committed 5504K, reserved 1048576K
}
Event: 32.623 GC heap after
{Heap after GC invocations=11 (full 0):
 garbage-first heap   total 124928K, used 35116K [0x0000000080000000, 0x0000000100000000)
  region size 1024K, 6 young (6144K), 6 survivors (6144K)
 Metaspace       used 41356K, capacity 42267K, committed 42472K, reserved 1087488K
  class space    used 5127K, capacity 5443K, committed 5504K, reserved 1048576K
}
Event: 33.051 GC heap before
{Heap before GC invocations=12 (full 0):
 garbage-first heap   total 124928K, used 79148K [0x0000000080000000, 0x0000000100000000)
  region size 1024K, 49 young (50176K), 6 survivors (6144K)
 Metaspace       used 41368K, capacity 42267K, committed 42472K, reserved 1087488K
  class space    used 5128K, capacity 5443K, committed 5504K, reserved 1048576K
}
Event: 33.063 GC heap after
{Heap after GC invocations=13 (full 0):
 garbage-first heap   total 124928K, used 36426K [0x0000000080000000, 0x0000000100000000)
  region size 1024K, 4 young (4096K), 4 survivors (4096K)
 Metaspace       used 41368K, capacity 42267K, committed 42472K, reserved 1087488K
  class space    used 5128K, capacity 5443K, committed 5504K, reserved 1048576K
}
Event: 33.372 GC heap before
{Heap before GC invocations=13 (full 0):
 garbage-first heap   total 124928K, used 82506K [0x0000000080000000, 0x0000000100000000)
  region size 1024K, 49 young (50176K), 4 survivors (4096K)
 Metaspace       used 41368K, capacity 42267K, committed 42472K, reserved 1087488K
  class space    used 5128K, capacity 5443K, committed 5504K, reserved 1048576K
}
Event: 33.380 GC heap after
{Heap after GC invocations=14 (full 0):
 garbage-first heap   total 124928K, used 37295K [0x0000000080000000, 0x0000000100000000)
  region size 1024K, 5 young (5120K), 5 survivors (5120K)
 Metaspace       used 41368K, capacity 42267K, committed 42472K, reserved 1087488K
  class space    used 5128K, capacity 5443K, committed 5504K, reserved 1048576K
}
Event: 33.951 GC heap before
{Heap before GC invocations=14 (full 0):
 garbage-first heap   total 124928K, used 85423K [0x0000000080000000, 0x0000000100000000)
  region size 1024K, 52 young (53248K), 5 survivors (5120K)
 Metaspace       used 41369K, capacity 42267K, committed 42472K, reserved 1087488K
  class space    used 5128K, capacity 5443K, committed 5504K, reserved 1048576K
}
Event: 33.960 GC heap after
{Heap after GC invocations=15 (full 0):
 garbage-first heap   total 124928K, used 38547K [0x0000000080000000, 0x0000000100000000)
  region size 1024K, 4 young (4096K), 4 survivors (4096K)
 Metaspace       used 41369K, capacity 42267K, committed 42472K, reserved 1087488K
  class space    used 5128K, capacity 5443K, committed 5504K, reserved 1048576K
}
Event: 34.954 GC heap before
{Heap before GC invocations=15 (full 0):
 garbage-first heap   total 124928K, used 87699K [0x0000000080000000, 0x0000000100000000)
  region size 1024K, 52 young (53248K), 4 survivors (4096K)
 Metaspace       used 41395K, capacity 42267K, committed 42472K, reserved 1087488K
  class space    used 5131K, capacity 5443K, committed 5504K, reserved 1048576K
}
Event: 34.959 GC heap after
{Heap after GC invocations=16 (full 0):
 garbage-first heap   total 124928K, used 39475K [0x0000000080000000, 0x0000000100000000)
  region size 1024K, 5 young (5120K), 5 survivors (5120K)
 Metaspace       used 41395K, capacity 42267K, committed 42472K, reserved 1087488K
  class space    used 5131K, capacity 5443K, committed 5504K, reserved 1048576K
}
Event: 36.128 GC heap before
{Heap before GC invocations=16 (full 0):
 garbage-first heap   total 124928K, used 91699K [0x0000000080000000, 0x0000000100000000)
  region size 1024K, 56 young (57344K), 5 survivors (5120K)
 Metaspace       used 41430K, capacity 42267K, committed 42472K, reserved 1087488K
  class space    used 5134K, capacity 5443K, committed 5504K, reserved 1048576K
}
Event: 36.137 GC heap after
{Heap after GC invocations=17 (full 0):
 garbage-first heap   total 124928K, used 41128K [0x0000000080000000, 0x0000000100000000)
  region size 1024K, 5 young (5120K), 5 survivors (5120K)
 Metaspace       used 41430K, capacity 42267K, committed 42472K, reserved 1087488K
  class space    used 5134K, capacity 5443K, committed 5504K, reserved 1048576K
}

